[INFO ] 2019-01-22T21:09:59,257Z [main] webserver.CmdLineOptions.loadConfig - Config:
{
    # hardcoded value
    "baseDirectory" : "/Users/sg_home/Desktop/InfectiousBlockchain/cordapp-template-java/build/nodes/PartyA",
    # web-reference.conf @ jar:file:/Users/sg_home/.capsule/apps/net.corda.webserver.WebServer_3.2-corda/corda-webserver-impl-3.2-corda.jar!/web-reference.conf: 2
    "keyStorePassword" : "cordacadevpass",
    # /Users/sg_home/Desktop/InfectiousBlockchain/cordapp-template-java/build/nodes/PartyA/node.conf: 1
    "myLegalName" : "O=PartyA,L=London,C=GB",
    # /Users/sg_home/Desktop/InfectiousBlockchain/cordapp-template-java/build/nodes/PartyA/node.conf: 2
    "p2pAddress" : "localhost:10005",
    # /Users/sg_home/Desktop/InfectiousBlockchain/cordapp-template-java/build/nodes/PartyA/node.conf: 3
    "rpcSettings" : {
        # /Users/sg_home/Desktop/InfectiousBlockchain/cordapp-template-java/build/nodes/PartyA/node.conf: 4
        "address" : "localhost:10006",
        # /Users/sg_home/Desktop/InfectiousBlockchain/cordapp-template-java/build/nodes/PartyA/node.conf: 5
        "adminAddress" : "localhost:10046"
    },
    # /Users/sg_home/Desktop/InfectiousBlockchain/cordapp-template-java/build/nodes/PartyA/node.conf: 7
    "rpcUsers" : [
        # /Users/sg_home/Desktop/InfectiousBlockchain/cordapp-template-java/build/nodes/PartyA/node.conf: 8
        {
            # /Users/sg_home/Desktop/InfectiousBlockchain/cordapp-template-java/build/nodes/PartyA/node.conf: 9
            "password" : "test",
            # /Users/sg_home/Desktop/InfectiousBlockchain/cordapp-template-java/build/nodes/PartyA/node.conf: 10
            "permissions" : [
                # /Users/sg_home/Desktop/InfectiousBlockchain/cordapp-template-java/build/nodes/PartyA/node.conf: 11
                "ALL"
            ],
            # /Users/sg_home/Desktop/InfectiousBlockchain/cordapp-template-java/build/nodes/PartyA/node.conf: 13
            "user" : "user1"
        }
    ],
    # web-reference.conf @ jar:file:/Users/sg_home/.capsule/apps/net.corda.webserver.WebServer_3.2-corda/corda-webserver-impl-3.2-corda.jar!/web-reference.conf: 3
    "trustStorePassword" : "trustpass",
    # web-reference.conf @ jar:file:/Users/sg_home/.capsule/apps/net.corda.webserver.WebServer_3.2-corda/corda-webserver-impl-3.2-corda.jar!/web-reference.conf: 1
    "useHTTPS" : false,
    # /Users/sg_home/Desktop/InfectiousBlockchain/cordapp-template-java/build/nodes/PartyA/node.conf: 16
    "webAddress" : "localhost:10007"
}
 {}
[INFO ] 2019-01-22T21:09:59,363Z [main] Main.main - Main class: /Users/sg_home/.capsule/apps/net.corda.webserver.WebServer_3.2-corda/corda-webserver-impl-3.2-corda.jar {}
[INFO ] 2019-01-22T21:09:59,655Z [main] Main.main - CommandLine Args: -Xmx200m -XX:+UseG1GC -agentlib:jdwp=transport=dt_socket,server=y,suspend=n,address=5009 -javaagent:drivers/jolokia-jvm-1.3.7-agent.jar=port=7009,logHandlerClass=net.corda.webserver.JolokiaSlf4Adapter -javaagent:/Users/sg_home/.capsule/apps/net.corda.webserver.WebServer_3.2-corda/quasar-core-0.7.9-jdk8.jar -Dvisualvm.display.name=Corda -Djava.library.path=/Users/sg_home/Library/Java/Extensions:/Library/Java/Extensions:/Network/Library/Java/Extensions:/System/Library/Java/Extensions:/usr/lib/java:/Users/sg_home/.capsule/apps/net.corda.webserver.WebServer_3.2-corda -Dcapsule.app=net.corda.webserver.WebServer_3.2-corda -Dname=PartyA-corda-webserver.jar -DWebserver -Dcapsule.dir=/Users/sg_home/.capsule/apps/net.corda.webserver.WebServer_3.2-corda -Dcapsule.jar=/Users/sg_home/Desktop/InfectiousBlockchain/cordapp-template-java/build/nodes/PartyA/corda-webserver.jar {}
[INFO ] 2019-01-22T21:10:00,362Z [main] Main.main - Application Args:  {}
[INFO ] 2019-01-22T21:10:00,362Z [main] Main.main - bootclasspath: /Library/Java/JavaVirtualMachines/jdk1.8.0_181.jdk/Contents/Home/jre/lib/resources.jar:/Library/Java/JavaVirtualMachines/jdk1.8.0_181.jdk/Contents/Home/jre/lib/rt.jar:/Library/Java/JavaVirtualMachines/jdk1.8.0_181.jdk/Contents/Home/jre/lib/sunrsasign.jar:/Library/Java/JavaVirtualMachines/jdk1.8.0_181.jdk/Contents/Home/jre/lib/jsse.jar:/Library/Java/JavaVirtualMachines/jdk1.8.0_181.jdk/Contents/Home/jre/lib/jce.jar:/Library/Java/JavaVirtualMachines/jdk1.8.0_181.jdk/Contents/Home/jre/lib/charsets.jar:/Library/Java/JavaVirtualMachines/jdk1.8.0_181.jdk/Contents/Home/jre/lib/jfr.jar:/Library/Java/JavaVirtualMachines/jdk1.8.0_181.jdk/Contents/Home/jre/classes {}
[INFO ] 2019-01-22T21:10:00,363Z [main] Main.main - classpath: /Users/sg_home/Desktop/InfectiousBlockchain/cordapp-template-java/build/nodes/PartyA/corda-webserver.jar:/Users/sg_home/.capsule/apps/net.corda.webserver.WebServer_3.2-corda/corda-rpc-3.2-corda.jar:/Users/sg_home/.capsule/apps/net.corda.webserver.WebServer_3.2-corda/corda-jackson-3.2-corda.jar:/Users/sg_home/.capsule/apps/net.corda.webserver.WebServer_3.2-corda/corda-node-api-3.2-corda.jar:/Users/sg_home/.capsule/apps/net.corda.webserver.WebServer_3.2-corda/corda-core-3.2-corda.jar:/Users/sg_home/.capsule/apps/net.corda.webserver.WebServer_3.2-corda/jetty-webapp-9.4.7.v20170914.jar:/Users/sg_home/.capsule/apps/net.corda.webserver.WebServer_3.2-corda/jetty-servlet-9.4.7.v20170914.jar:/Users/sg_home/.capsule/apps/net.corda.webserver.WebServer_3.2-corda/jersey-container-jetty-http-2.25.jar:/Users/sg_home/.capsule/apps/net.corda.webserver.WebServer_3.2-corda/jetty-security-9.4.7.v20170914.jar:/Users/sg_home/.capsule/apps/net.corda.webserver.WebServer_3.2-corda/jetty-server-9.4.7.v20170914.jar:/Users/sg_home/.capsule/apps/net.corda.webserver.WebServer_3.2-corda/javax.servlet-api-3.1.0.jar:/Users/sg_home/.capsule/apps/net.corda.webserver.WebServer_3.2-corda/commons-fileupload-1.3.3.jar:/Users/sg_home/.capsule/apps/net.corda.webserver.WebServer_3.2-corda/log4j-slf4j-impl-2.9.1.jar:/Users/sg_home/.capsule/apps/net.corda.webserver.WebServer_3.2-corda/log4j-core-2.9.1.jar:/Users/sg_home/.capsule/apps/net.corda.webserver.WebServer_3.2-corda/jopt-simple-5.0.2.jar:/Users/sg_home/.capsule/apps/net.corda.webserver.WebServer_3.2-corda/jetty-continuation-9.4.7.v20170914.jar:/Users/sg_home/.capsule/apps/net.corda.webserver.WebServer_3.2-corda/jersey-container-servlet-core-2.25.jar:/Users/sg_home/.capsule/apps/net.corda.webserver.WebServer_3.2-corda/jersey-server-2.25.jar:/Users/sg_home/.capsule/apps/net.corda.webserver.WebServer_3.2-corda/jersey-media-json-jackson-2.25.jar:/Users/sg_home/.capsule/apps/net.corda.webserver.WebServer_3.2-corda/kotlinx-html-jvm-0.6.3.jar:/Users/sg_home/.capsule/apps/net.corda.webserver.WebServer_3.2-corda/kotlin-stdlib-jre8-1.1.60.jar:/Users/sg_home/.capsule/apps/net.corda.webserver.WebServer_3.2-corda/jackson-module-kotlin-2.9.2.jar:/Users/sg_home/.capsule/apps/net.corda.webserver.WebServer_3.2-corda/kotlin-reflect-1.1.60.jar:/Users/sg_home/.capsule/apps/net.corda.webserver.WebServer_3.2-corda/cordform-common-3.1.0.jar:/Users/sg_home/.capsule/apps/net.corda.webserver.WebServer_3.2-corda/jsr305-3.0.2.jar:/Users/sg_home/.capsule/apps/net.corda.webserver.WebServer_3.2-corda/jcl-over-slf4j-1.7.25.jar:/Users/sg_home/.capsule/apps/net.corda.webserver.WebServer_3.2-corda/slf4j-api-1.7.25.jar:/Users/sg_home/.capsule/apps/net.corda.webserver.WebServer_3.2-corda/rxjava-1.2.4.jar:/Users/sg_home/.capsule/apps/net.corda.webserver.WebServer_3.2-corda/commons-jexl3-3.0.jar:/Users/sg_home/.capsule/apps/net.corda.webserver.WebServer_3.2-corda/jackson-datatype-jsr310-2.9.2.jar:/Users/sg_home/.capsule/apps/net.corda.webserver.WebServer_3.2-corda/jackson-jaxrs-json-provider-2.8.4.jar:/Users/sg_home/.capsule/apps/net.corda.webserver.WebServer_3.2-corda/jackson-jaxrs-base-2.8.4.jar:/Users/sg_home/.capsule/apps/net.corda.webserver.WebServer_3.2-corda/jackson-module-jaxb-annotations-2.8.4.jar:/Users/sg_home/.capsule/apps/net.corda.webserver.WebServer_3.2-corda/jackson-databind-2.9.2.jar:/Users/sg_home/.capsule/apps/net.corda.webserver.WebServer_3.2-corda/eddsa-0.2.0.jar:/Users/sg_home/.capsule/apps/net.corda.webserver.WebServer_3.2-corda/bcpkix-jdk15on-1.57.jar:/Users/sg_home/.capsule/apps/net.corda.webserver.WebServer_3.2-corda/bcprov-jdk15on-1.57.jar:/Users/sg_home/.capsule/apps/net.corda.webserver.WebServer_3.2-corda/hibernate-core-5.2.6.Final.jar:/Users/sg_home/.capsule/apps/net.corda.webserver.WebServer_3.2-corda/hibernate-jpa-2.1-api-1.0.0.Final.jar:/Users/sg_home/.capsule/apps/net.corda.webserver.WebServer_3.2-corda/quasar-core-0.7.9-jdk8.jar:/Users/sg_home/.capsule/apps/net.corda.webserver.WebServer_3.2-corda/jackson-dataformat-yaml-2.9.2.jar:/Users/sg_home/.capsule/apps/net.corda.webserver.WebServer_3.2-corda/artemis-core-client-2.2.0.jar:/Users/sg_home/.capsule/apps/net.corda.webserver.WebServer_3.2-corda/artemis-commons-2.2.0.jar:/Users/sg_home/.capsule/apps/net.corda.webserver.WebServer_3.2-corda/guava-21.0.jar:/Users/sg_home/.capsule/apps/net.corda.webserver.WebServer_3.2-corda/jetty-xml-9.4.7.v20170914.jar:/Users/sg_home/.capsule/apps/net.corda.webserver.WebServer_3.2-corda/jolokia-jsr160-1.6.0.jar:/Users/sg_home/.capsule/apps/net.corda.webserver.WebServer_3.2-corda/jolokia-core-1.6.0.jar:/Users/sg_home/.capsule/apps/net.corda.webserver.WebServer_3.2-corda/commons-io-2.2.jar:/Users/sg_home/.capsule/apps/net.corda.webserver.WebServer_3.2-corda/log4j-api-2.9.1.jar:/Users/sg_home/.capsule/apps/net.corda.webserver.WebServer_3.2-corda/jersey-client-2.25.jar:/Users/sg_home/.capsule/apps/net.corda.webserver.WebServer_3.2-corda/jersey-media-jaxb-2.25.jar:/Users/sg_home/.capsule/apps/net.corda.webserver.WebServer_3.2-corda/jersey-common-2.25.jar:/Users/sg_home/.capsule/apps/net.corda.webserver.WebServer_3.2-corda/jersey-entity-filtering-2.25.jar:/Users/sg_home/.capsule/apps/net.corda.webserver.WebServer_3.2-corda/javax.ws.rs-api-2.0.1.jar:/Users/sg_home/.capsule/apps/net.corda.webserver.WebServer_3.2-corda/javax.annotation-api-1.2.jar:/Users/sg_home/.capsule/apps/net.corda.webserver.WebServer_3.2-corda/hk2-locator-2.5.0-b30.jar:/Users/sg_home/.capsule/apps/net.corda.webserver.WebServer_3.2-corda/hk2-api-2.5.0-b30.jar:/Users/sg_home/.capsule/apps/net.corda.webserver.WebServer_3.2-corda/javax.inject-2.5.0-b30.jar:/Users/sg_home/.capsule/apps/net.corda.webserver.WebServer_3.2-corda/validation-api-1.1.0.Final.jar:/Users/sg_home/.capsule/apps/net.corda.webserver.WebServer_3.2-corda/jetty-http-9.4.7.v20170914.jar:/Users/sg_home/.capsule/apps/net.corda.webserver.WebServer_3.2-corda/jetty-io-9.4.7.v20170914.jar:/Users/sg_home/.capsule/apps/net.corda.webserver.WebServer_3.2-corda/jetty-util-9.4.7.v20170914.jar:/Users/sg_home/.capsule/apps/net.corda.webserver.WebServer_3.2-corda/jackson-annotations-2.9.0.jar:/Users/sg_home/.capsule/apps/net.corda.webserver.WebServer_3.2-corda/kotlin-stdlib-jre7-1.1.60.jar:/Users/sg_home/.capsule/apps/net.corda.webserver.WebServer_3.2-corda/kotlin-stdlib-1.1.60.jar:/Users/sg_home/.capsule/apps/net.corda.webserver.WebServer_3.2-corda/jackson-core-2.9.2.jar:/Users/sg_home/.capsule/apps/net.corda.webserver.WebServer_3.2-corda/hibernate-commons-annotations-5.0.1.Final.jar:/Users/sg_home/.capsule/apps/net.corda.webserver.WebServer_3.2-corda/jboss-logging-3.3.0.Final.jar:/Users/sg_home/.capsule/apps/net.corda.webserver.WebServer_3.2-corda/javassist-3.20.0-GA.jar:/Users/sg_home/.capsule/apps/net.corda.webserver.WebServer_3.2-corda/antlr-2.7.7.jar:/Users/sg_home/.capsule/apps/net.corda.webserver.WebServer_3.2-corda/geronimo-jta_1.1_spec-1.1.1.jar:/Users/sg_home/.capsule/apps/net.corda.webserver.WebServer_3.2-corda/jandex-2.0.3.Final.jar:/Users/sg_home/.capsule/apps/net.corda.webserver.WebServer_3.2-corda/classmate-1.3.0.jar:/Users/sg_home/.capsule/apps/net.corda.webserver.WebServer_3.2-corda/dom4j-1.6.1.jar:/Users/sg_home/.capsule/apps/net.corda.webserver.WebServer_3.2-corda/cdi-api-1.1.jar:/Users/sg_home/.capsule/apps/net.corda.webserver.WebServer_3.2-corda/commons-collections4-4.1.jar:/Users/sg_home/.capsule/apps/net.corda.webserver.WebServer_3.2-corda/commons-beanutils-1.9.3.jar:/Users/sg_home/.capsule/apps/net.corda.webserver.WebServer_3.2-corda/config-1.3.1.jar:/Users/sg_home/.capsule/apps/net.corda.webserver.WebServer_3.2-corda/kryo-serializers-0.41.jar:/Users/sg_home/.capsule/apps/net.corda.webserver.WebServer_3.2-corda/kryo-4.0.0.jar:/Users/sg_home/.capsule/apps/net.corda.webserver.WebServer_3.2-corda/proton-j-0.21.0.jar:/Users/sg_home/.capsule/apps/net.corda.webserver.WebServer_3.2-corda/fast-classpath-scanner-2.12.3.jar:/Users/sg_home/.capsule/apps/net.corda.webserver.WebServer_3.2-corda/snakeyaml-1.18.jar:/Users/sg_home/.capsule/apps/net.corda.webserver.WebServer_3.2-corda/json-simple-1.1.1.jar:/Users/sg_home/.capsule/apps/net.corda.webserver.WebServer_3.2-corda/jersey-guava-2.25.jar:/Users/sg_home/.capsule/apps/net.corda.webserver.WebServer_3.2-corda/osgi-resource-locator-1.0.1.jar:/Users/sg_home/.capsule/apps/net.corda.webserver.WebServer_3.2-corda/hk2-utils-2.5.0-b30.jar:/Users/sg_home/.capsule/apps/net.corda.webserver.WebServer_3.2-corda/aopalliance-repackaged-2.5.0-b30.jar:/Users/sg_home/.capsule/apps/net.corda.webserver.WebServer_3.2-corda/el-api-2.2.jar:/Users/sg_home/.capsule/apps/net.corda.webserver.WebServer_3.2-corda/jboss-interceptors-api_1.1_spec-1.0.0.Beta1.jar:/Users/sg_home/.capsule/apps/net.corda.webserver.WebServer_3.2-corda/jsr250-api-1.0.jar:/Users/sg_home/.capsule/apps/net.corda.webserver.WebServer_3.2-corda/javax.inject-1.jar:/Users/sg_home/.capsule/apps/net.corda.webserver.WebServer_3.2-corda/commons-collections-3.2.2.jar:/Users/sg_home/.capsule/apps/net.corda.webserver.WebServer_3.2-corda/jgroups-3.6.13.Final.jar:/Users/sg_home/.capsule/apps/net.corda.webserver.WebServer_3.2-corda/netty-all-4.1.9.Final.jar:/Users/sg_home/.capsule/apps/net.corda.webserver.WebServer_3.2-corda/geronimo-json_1.0_spec-1.0-alpha-1.jar:/Users/sg_home/.capsule/apps/net.corda.webserver.WebServer_3.2-corda/johnzon-core-0.9.5.jar:/Users/sg_home/.capsule/apps/net.corda.webserver.WebServer_3.2-corda/reflectasm-1.11.3.jar:/Users/sg_home/.capsule/apps/net.corda.webserver.WebServer_3.2-corda/minlog-1.3.0.jar:/Users/sg_home/.capsule/apps/net.corda.webserver.WebServer_3.2-corda/objenesis-2.2.jar:/Users/sg_home/.capsule/apps/net.corda.webserver.WebServer_3.2-corda/asm-5.0.4.jar:/Users/sg_home/.capsule/apps/net.corda.webserver.WebServer_3.2-corda/annotations-13.0.jar:/Users/sg_home/.capsule/apps/net.corda.webserver.WebServer_3.2-corda/corda-webserver-impl-3.2-corda.jar:/Users/sg_home/Desktop/InfectiousBlockchain/cordapp-template-java/build/nodes/PartyA/cordapps/cordapp-template-java-0.1.jar:/Users/sg_home/Desktop/InfectiousBlockchain/cordapp-template-java/build/nodes/PartyA/cordapps/cordapp-contracts-states-0.1.jar:/Users/sg_home/Desktop/InfectiousBlockchain/cordapp-template-java/build/nodes/PartyA/cordapps/corda-finance-3.2-corda.jar:/Users/sg_home/Desktop/InfectiousBlockchain/cordapp-template-java/build/nodes/PartyA/cordapps/cordapp-0.1.jar:drivers/jolokia-jvm-1.3.7-agent.jar:/Users/sg_home/.capsule/apps/net.corda.webserver.WebServer_3.2-corda/quasar-core-0.7.9-jdk8.jar {}
[INFO ] 2019-01-22T21:10:00,366Z [main] Main.main - VM Java HotSpot(TM) 64-Bit Server VM Oracle Corporation 25.181-b13 {}
[INFO ] 2019-01-22T21:10:00,369Z [main] Main.main - Machine: sudhas-MacBook-Pro-2.local {}
[INFO ] 2019-01-22T21:10:00,369Z [main] Main.main - Working Directory: /Users/sg_home/Desktop/InfectiousBlockchain/cordapp-template-java/build/nodes/PartyA {}
[INFO ] 2019-01-22T21:10:07,433Z [main] Main.main - Starting as webserver on localhost:10007 {}
[INFO ] 2019-01-22T21:10:07,851Z [main] BasicInfo.logAndMaybePrint - Starting as webserver: localhost:10007 {}
[WARN ] 2019-01-22T21:10:09,790Z [main] internal.config.defaultToOldPath - Config key user has been deprecated and will be removed in a future release. Use username instead {}
[INFO ] 2019-01-22T21:10:09,832Z [main] internal.NodeWebServer.connectLocalRpcAsNodeUser - Connecting to node at localhost:10006 as User(user1, permissions=[ALL]) {}
[INFO ] 2019-01-22T21:10:19,392Z [main] internal.RPCClient.logElapsedTime - Startup took 7220 msec {}
[WARN ] 2019-01-22T21:10:20,398Z [main] internal.config.defaultToOldPath - Config key user has been deprecated and will be removed in a future release. Use username instead {}
[INFO ] 2019-01-22T21:10:20,399Z [main] internal.NodeWebServer.connectLocalRpcAsNodeUser - Connecting to node at localhost:10006 as User(user1, permissions=[ALL]) {}
[INFO ] 2019-01-22T21:10:20,406Z [main] internal.RPCClient.logElapsedTime - Startup took 6 msec {}
[WARN ] 2019-01-22T21:10:21,407Z [main] internal.config.defaultToOldPath - Config key user has been deprecated and will be removed in a future release. Use username instead {}
[INFO ] 2019-01-22T21:10:21,408Z [main] internal.NodeWebServer.connectLocalRpcAsNodeUser - Connecting to node at localhost:10006 as User(user1, permissions=[ALL]) {}
[INFO ] 2019-01-22T21:10:21,413Z [main] internal.RPCClient.logElapsedTime - Startup took 3 msec {}
[WARN ] 2019-01-22T21:10:22,417Z [main] internal.config.defaultToOldPath - Config key user has been deprecated and will be removed in a future release. Use username instead {}
[INFO ] 2019-01-22T21:10:22,417Z [main] internal.NodeWebServer.connectLocalRpcAsNodeUser - Connecting to node at localhost:10006 as User(user1, permissions=[ALL]) {}
[INFO ] 2019-01-22T21:10:22,422Z [main] internal.RPCClient.logElapsedTime - Startup took 3 msec {}
[WARN ] 2019-01-22T21:10:23,423Z [main] internal.config.defaultToOldPath - Config key user has been deprecated and will be removed in a future release. Use username instead {}
[INFO ] 2019-01-22T21:10:23,424Z [main] internal.NodeWebServer.connectLocalRpcAsNodeUser - Connecting to node at localhost:10006 as User(user1, permissions=[ALL]) {}
[INFO ] 2019-01-22T21:10:23,428Z [main] internal.RPCClient.logElapsedTime - Startup took 3 msec {}
[WARN ] 2019-01-22T21:10:24,429Z [main] internal.config.defaultToOldPath - Config key user has been deprecated and will be removed in a future release. Use username instead {}
[INFO ] 2019-01-22T21:10:24,429Z [main] internal.NodeWebServer.connectLocalRpcAsNodeUser - Connecting to node at localhost:10006 as User(user1, permissions=[ALL]) {}
[INFO ] 2019-01-22T21:10:24,452Z [main] internal.RPCClient.logElapsedTime - Startup took 22 msec {}
[WARN ] 2019-01-22T21:10:25,457Z [main] internal.config.defaultToOldPath - Config key user has been deprecated and will be removed in a future release. Use username instead {}
[INFO ] 2019-01-22T21:10:25,458Z [main] internal.NodeWebServer.connectLocalRpcAsNodeUser - Connecting to node at localhost:10006 as User(user1, permissions=[ALL]) {}
[INFO ] 2019-01-22T21:10:25,463Z [main] internal.RPCClient.logElapsedTime - Startup took 4 msec {}
[WARN ] 2019-01-22T21:10:26,469Z [main] internal.config.defaultToOldPath - Config key user has been deprecated and will be removed in a future release. Use username instead {}
[INFO ] 2019-01-22T21:10:26,470Z [main] internal.NodeWebServer.connectLocalRpcAsNodeUser - Connecting to node at localhost:10006 as User(user1, permissions=[ALL]) {}
[INFO ] 2019-01-22T21:10:26,475Z [main] internal.RPCClient.logElapsedTime - Startup took 4 msec {}
[WARN ] 2019-01-22T21:10:27,476Z [main] internal.config.defaultToOldPath - Config key user has been deprecated and will be removed in a future release. Use username instead {}
[INFO ] 2019-01-22T21:10:27,476Z [main] internal.NodeWebServer.connectLocalRpcAsNodeUser - Connecting to node at localhost:10006 as User(user1, permissions=[ALL]) {}
[INFO ] 2019-01-22T21:10:27,481Z [main] internal.RPCClient.logElapsedTime - Startup took 4 msec {}
[WARN ] 2019-01-22T21:10:28,483Z [main] internal.config.defaultToOldPath - Config key user has been deprecated and will be removed in a future release. Use username instead {}
[INFO ] 2019-01-22T21:10:28,483Z [main] internal.NodeWebServer.connectLocalRpcAsNodeUser - Connecting to node at localhost:10006 as User(user1, permissions=[ALL]) {}
[INFO ] 2019-01-22T21:10:28,492Z [main] internal.RPCClient.logElapsedTime - Startup took 8 msec {}
[WARN ] 2019-01-22T21:10:29,495Z [main] internal.config.defaultToOldPath - Config key user has been deprecated and will be removed in a future release. Use username instead {}
[INFO ] 2019-01-22T21:10:29,496Z [main] internal.NodeWebServer.connectLocalRpcAsNodeUser - Connecting to node at localhost:10006 as User(user1, permissions=[ALL]) {}
[INFO ] 2019-01-22T21:10:29,500Z [main] internal.RPCClient.logElapsedTime - Startup took 3 msec {}
[WARN ] 2019-01-22T21:10:30,502Z [main] internal.config.defaultToOldPath - Config key user has been deprecated and will be removed in a future release. Use username instead {}
[INFO ] 2019-01-22T21:10:30,503Z [main] internal.NodeWebServer.connectLocalRpcAsNodeUser - Connecting to node at localhost:10006 as User(user1, permissions=[ALL]) {}
[INFO ] 2019-01-22T21:10:30,508Z [main] internal.RPCClient.logElapsedTime - Startup took 4 msec {}
[WARN ] 2019-01-22T21:10:31,512Z [main] internal.config.defaultToOldPath - Config key user has been deprecated and will be removed in a future release. Use username instead {}
[INFO ] 2019-01-22T21:10:31,513Z [main] internal.NodeWebServer.connectLocalRpcAsNodeUser - Connecting to node at localhost:10006 as User(user1, permissions=[ALL]) {}
[INFO ] 2019-01-22T21:10:31,517Z [main] internal.RPCClient.logElapsedTime - Startup took 3 msec {}
[WARN ] 2019-01-22T21:10:32,519Z [main] internal.config.defaultToOldPath - Config key user has been deprecated and will be removed in a future release. Use username instead {}
[INFO ] 2019-01-22T21:10:32,520Z [main] internal.NodeWebServer.connectLocalRpcAsNodeUser - Connecting to node at localhost:10006 as User(user1, permissions=[ALL]) {}
[INFO ] 2019-01-22T21:10:32,524Z [main] internal.RPCClient.logElapsedTime - Startup took 3 msec {}
[WARN ] 2019-01-22T21:10:33,528Z [main] internal.config.defaultToOldPath - Config key user has been deprecated and will be removed in a future release. Use username instead {}
[INFO ] 2019-01-22T21:10:33,528Z [main] internal.NodeWebServer.connectLocalRpcAsNodeUser - Connecting to node at localhost:10006 as User(user1, permissions=[ALL]) {}
[INFO ] 2019-01-22T21:10:33,532Z [main] internal.RPCClient.logElapsedTime - Startup took 3 msec {}
[WARN ] 2019-01-22T21:10:34,534Z [main] internal.config.defaultToOldPath - Config key user has been deprecated and will be removed in a future release. Use username instead {}
[INFO ] 2019-01-22T21:10:34,539Z [main] internal.NodeWebServer.connectLocalRpcAsNodeUser - Connecting to node at localhost:10006 as User(user1, permissions=[ALL]) {}
[INFO ] 2019-01-22T21:10:34,545Z [main] internal.RPCClient.logElapsedTime - Startup took 6 msec {}
[WARN ] 2019-01-22T21:10:35,550Z [main] internal.config.defaultToOldPath - Config key user has been deprecated and will be removed in a future release. Use username instead {}
[INFO ] 2019-01-22T21:10:35,551Z [main] internal.NodeWebServer.connectLocalRpcAsNodeUser - Connecting to node at localhost:10006 as User(user1, permissions=[ALL]) {}
[INFO ] 2019-01-22T21:10:35,556Z [main] internal.RPCClient.logElapsedTime - Startup took 4 msec {}
[WARN ] 2019-01-22T21:10:36,557Z [main] internal.config.defaultToOldPath - Config key user has been deprecated and will be removed in a future release. Use username instead {}
[INFO ] 2019-01-22T21:10:36,558Z [main] internal.NodeWebServer.connectLocalRpcAsNodeUser - Connecting to node at localhost:10006 as User(user1, permissions=[ALL]) {}
[INFO ] 2019-01-22T21:10:46,642Z [main] internal.RPCClient.logElapsedTime - Startup took 10083 msec {}
[INFO ] 2019-01-22T21:10:46,683Z [main] util.log.initialized - Logging initialized @58533ms to org.eclipse.jetty.util.log.Slf4jLog {}
[INFO ] 2019-01-22T21:10:49,062Z [main] internal.NodeWebServer.buildServletContextHandler - Add plugin web API from attachment com.template.TemplateWebPlugin$$Lambda$31/6989714@5c78f456 {}
[INFO ] 2019-01-22T21:10:49,231Z [main] server.Server.doStart - jetty-9.4.7.v20170914 {}
[INFO ] 2019-01-22T21:10:51,033Z [main] handler.ContextHandler.doStart - Started o.e.j.s.ServletContextHandler@2a41d17a{/,null,AVAILABLE} {}
[INFO ] 2019-01-22T21:10:51,056Z [main] server.AbstractConnector.doStart - Started ServerConnector@2ab1c7a9{HTTP/1.1,[http/1.1]}{0.0.0.0:10007} {}
[INFO ] 2019-01-22T21:10:51,056Z [main] server.Server.doStart - Started @62911ms {}
[INFO ] 2019-01-22T21:10:51,057Z [main] internal.NodeWebServer.initWebServer - Starting webserver on address localhost:10007 {}
[WARN ] 2019-01-22T21:13:27,562Z [Thread-1 (ActiveMQ-client-global-threads)] core.client.fail - AMQ212037: Connection failure has been detected: AMQ119015: The connection was disconnected because of server shutdown [code=DISCONNECTED] {}
